<?xml version="1.0" encoding="UTF-8"?>
<!-- Generated by org.testng.reporters.JUnitXMLReporter -->
<testsuite ignored="0" hostname="VinothR" failures="0" tests="5" name="Test" time="13.706" errors="0" timestamp="2024-11-08T10:26:56 IST">
  <testcase classname="com.automation.registerdemoflow.RegisterDemoFlow" name="launchApplication" time="5.495"/>
  <testcase classname="com.automation.registerdemoflow.RegisterDemoFlow" name="navigationToRegisterPage" time="1.4"/>
  <testcase classname="com.automation.registerdemoflow.RegisterDemoFlow" name="registerUser" time="6.486"/>
  <testcase classname="com.automation.registerdemoflow.RegisterDemoFlow" name="verifySuccessfulMessage" time="0.069"/>
  <testcase classname="com.automation.registerdemoflow.RegisterDemoFlow" name="closeApplicaton" time="0.193"/>
</testsuite> <!-- Test -->
