<?xml version="1.0" encoding="UTF-8"?>
<testsuite xmlns:xsi="http://www.w3.org/2001/XMLSchema-instance" xsi:noNamespaceSchemaLocation="https://maven.apache.org/surefire/maven-surefire-plugin/xsd/surefire-test-report.xsd" version="3.0.1" name="TestSuite" time="13.409" tests="5" errors="0" skipped="0" failures="0">
  <properties>
[...]
</properties>
  <testcase name="launchApplication" classname="com.automation.registerdemoflow.RegisterDemoFlow" time="5.766">
    <system-out><![CDATA[Application is launched successdully
Both the actual and expected URLs are the same
The current URl page is https://vinothqaacademy.com/
Both the actual and expected titles are the same
The page title is Vinoth Q.A Academy - Learn With Clarity
]]></system-out>
    <system-err><![CDATA[SLF4J: Failed to load class "org.slf4j.impl.StaticLoggerBinder".
SLF4J: Defaulting to no-operation (NOP) logger implementation
SLF4J: See http://www.slf4j.org/codes.html#StaticLoggerBinder for further details.
Starting ChromeDriver 129.0.6668.58 (81a06fb873a9b386848719cf9f93e59579fb5d4b-refs/branch-heads/6668@{#1318}) on port 12653
Only local connections are allowed.
Please see https://chromedriver.chromium.org/security-considerations for suggestions on keeping ChromeDriver safe.
ChromeDriver was started successfully on port 12653.
[1731043688.620][WARNING]: This version of ChromeDriver has not been tested with Chrome version 130.
Nov 08, 2024 10:58:08 AM org.openqa.selenium.remote.ProtocolHandshake createSession
INFO: Detected dialect: W3C
]]></system-err>
  </testcase>
  <testcase name="navigationToRegisterPage" classname="com.automation.registerdemoflow.RegisterDemoFlow" time="1.399">
    <system-out><![CDATA[Register Page is displayed
]]></system-out>
  </testcase>
  <testcase name="registerUser" classname="com.automation.registerdemoflow.RegisterDemoFlow" time="5.346">
    <system-out><![CDATA[Actual and Expected logo image text are same
Actual logo image is Vinoth Q.A Academy
Actual and Expected form title are same
Actual form title is Register For Demo
First name is displayed
First name entered is Shanawaz
Last name is displayed
Last name entered is Alam
Male radio button is not selected
Male radio button is selected
Address is displayed
Address entered is H.no 2, village- abc
Address is displayed
street address entered is near smart tower
Apt is displayed
Apt entered is Apartment-1
City is displayed
City entered is Gkp
State is displayed
State entered is UP
Country dropdown is displayed
Country selected is India
Email is displayed
Email entered is shah1791@gmail.com
DOD is displayed
DOD entered is 09/30/24
Convenient time HH dropdown is displayed
Convenient time HH selected is 02
Convenient time MM dropdown is displayed
Convenient time MM selected is 05
Mobile number is displayed
Mobile numbber entered is 1234567890
Java Check Box is not selected
Java Check Box is CHECKED
Selenium webdriver Check Box is not selected
Selenium webdriver Check Box is CHECKED
Devops Check Box is selected
Devops Check Box is unchecked
Enter your query is displayed
Query entered is Is learning selenium automation using java easy?
33
Varification succcessfull
Submit button is enabled
Submit button is clicked
User is registered
]]></system-out>
  </testcase>
  <testcase name="verifySuccessfulMessage" classname="com.automation.registerdemoflow.RegisterDemoFlow" time="0.068">
    <system-out><![CDATA[Both actual and expected successful message are same
Successful message is Registration Form is Successfully Submitted. The Transaction ID : 2320802234
2320802234
Successful message is verified Successfully
]]></system-out>
  </testcase>
  <testcase name="closeApplicaton" classname="com.automation.registerdemoflow.RegisterDemoFlow" time="0.151">
    <system-out><![CDATA[Application is closed Successfully
]]></system-out>
  </testcase>
</testsuite>