<?xml version="1.0" encoding="UTF-8"?>
<testng-results ignored="0" total="5" passed="5" failed="0" skipped="0">
  <reporter-output>
  </reporter-output>
  <suite started-at="2024-11-08T10:58:07 IST" name="Suite" finished-at="2024-11-08T10:58:20 IST" duration-ms="12789">
    <groups>
    </groups>
    <test started-at="2024-11-08T10:58:07 IST" name="Test" finished-at="2024-11-08T10:58:20 IST" duration-ms="12789">
      <class name="com.automation.registerdemoflow.RegisterDemoFlow">
        <test-method signature="launchApplication()[pri:1, instance:com.automation.registerdemoflow.RegisterDemoFlow@4a22f9e2]" started-at="2024-11-08T10:58:07 IST" name="launchApplication" finished-at="2024-11-08T10:58:13 IST" duration-ms="5767" status="PASS">
          <reporter-output>
          </reporter-output>
        </test-method> <!-- launchApplication -->
        <test-method signature="navigationToRegisterPage()[pri:2, instance:com.automation.registerdemoflow.RegisterDemoFlow@4a22f9e2]" started-at="2024-11-08T10:58:13 IST" name="navigationToRegisterPage" finished-at="2024-11-08T10:58:14 IST" duration-ms="1397" status="PASS">
          <reporter-output>
          </reporter-output>
        </test-method> <!-- navigationToRegisterPage -->
        <test-method signature="registerUser()[pri:3, instance:com.automation.registerdemoflow.RegisterDemoFlow@4a22f9e2]" started-at="2024-11-08T10:58:14 IST" name="registerUser" finished-at="2024-11-08T10:58:19 IST" duration-ms="5347" status="PASS">
          <reporter-output>
          </reporter-output>
        </test-method> <!-- registerUser -->
        <test-method signature="verifySuccessfulMessage()[pri:4, instance:com.automation.registerdemoflow.RegisterDemoFlow@4a22f9e2]" started-at="2024-11-08T10:58:19 IST" name="verifySuccessfulMessage" finished-at="2024-11-08T10:58:20 IST" duration-ms="68" status="PASS">
          <reporter-output>
          </reporter-output>
        </test-method> <!-- verifySuccessfulMessage -->
        <test-method signature="closeApplicaton()[pri:5, instance:com.automation.registerdemoflow.RegisterDemoFlow@4a22f9e2]" started-at="2024-11-08T10:58:20 IST" name="closeApplicaton" finished-at="2024-11-08T10:58:20 IST" duration-ms="150" status="PASS">
          <reporter-output>
          </reporter-output>
        </test-method> <!-- closeApplicaton -->
      </class> <!-- com.automation.registerdemoflow.RegisterDemoFlow -->
    </test> <!-- Test -->
  </suite> <!-- Suite -->
</testng-results>
