<?xml version="1.0" encoding="UTF-8"?>
<testng-results ignored="0" total="5" passed="5" failed="0" skipped="0">
  <reporter-output>
  </reporter-output>
  <suite started-at="2024-11-08T10:26:42 IST" name="Suite" finished-at="2024-11-08T10:26:56 IST" duration-ms="13706">
    <groups>
    </groups>
    <test started-at="2024-11-08T10:26:42 IST" name="Test" finished-at="2024-11-08T10:26:56 IST" duration-ms="13706">
      <class name="com.automation.registerdemoflow.RegisterDemoFlow">
        <test-method signature="launchApplication()[pri:1, instance:com.automation.registerdemoflow.RegisterDemoFlow@49049a04]" started-at="2024-11-08T10:26:42 IST" name="launchApplication" finished-at="2024-11-08T10:26:48 IST" duration-ms="5495" status="PASS">
          <reporter-output>
          </reporter-output>
        </test-method> <!-- launchApplication -->
        <test-method signature="navigationToRegisterPage()[pri:2, instance:com.automation.registerdemoflow.RegisterDemoFlow@49049a04]" started-at="2024-11-08T10:26:48 IST" name="navigationToRegisterPage" finished-at="2024-11-08T10:26:49 IST" duration-ms="1400" status="PASS">
          <reporter-output>
          </reporter-output>
        </test-method> <!-- navigationToRegisterPage -->
        <test-method signature="registerUser()[pri:3, instance:com.automation.registerdemoflow.RegisterDemoFlow@49049a04]" started-at="2024-11-08T10:26:49 IST" name="registerUser" finished-at="2024-11-08T10:26:55 IST" duration-ms="6486" status="PASS">
          <reporter-output>
          </reporter-output>
        </test-method> <!-- registerUser -->
        <test-method signature="verifySuccessfulMessage()[pri:4, instance:com.automation.registerdemoflow.RegisterDemoFlow@49049a04]" started-at="2024-11-08T10:26:55 IST" name="verifySuccessfulMessage" finished-at="2024-11-08T10:26:55 IST" duration-ms="69" status="PASS">
          <reporter-output>
          </reporter-output>
        </test-method> <!-- verifySuccessfulMessage -->
        <test-method signature="closeApplicaton()[pri:5, instance:com.automation.registerdemoflow.RegisterDemoFlow@49049a04]" started-at="2024-11-08T10:26:55 IST" name="closeApplicaton" finished-at="2024-11-08T10:26:56 IST" duration-ms="193" status="PASS">
          <reporter-output>
          </reporter-output>
        </test-method> <!-- closeApplicaton -->
      </class> <!-- com.automation.registerdemoflow.RegisterDemoFlow -->
    </test> <!-- Test -->
  </suite> <!-- Suite -->
</testng-results>
